===================================================================================
Hora: 04:19:19 | Script: /AcademiaGontijo/Modulos/MantemTreino.php
Query executada: insert into Treinos  (`tren_id`, `tren_atle_id`, `tren_seq`, `tren_tptr_id`)  values ((?), (?), (?), (?)) : EXECUTE : SQLSTATE[23000]: Integrity constraint violation: 1062 Duplicate entry '1-2-2' for key 'unique'

===================================================================================
Hora: 20:29:02 | Script: /AcademiaGontijo/Modulos/MantemTreino.php
Query executada: insert into Treinos  (`tren_id`, `tren_atle_id`, `tren_seq`, `tren_tptr_id`)  values ((?), (?), (?), (?)) : EXECUTE : SQLSTATE[23000]: Integrity constraint violation: 1062 Duplicate entry '1-2-2' for key 'unique'

===================================================================================
Hora: 20:29:15 | Script: /AcademiaGontijo/Modulos/MantemTreino.php
Query executada: insert into Treinos  (`tren_id`, `tren_atle_id`, `tren_seq`, `tren_tptr_id`)  values ((?), (?), (?), (?)) : EXECUTE : SQLSTATE[23000]: Integrity constraint violation: 1452 Cannot add or update a child row: a foreign key constraint fails (`academia_gontijo`.`treinos`, CONSTRAINT `fk_Treinos_TiposDeTreinos1` FOREIGN KEY (`tren_tptr_id`) REFERENCES `tiposdetreinos` (`tptr_id`) ON DELETE NO ACTION ON UPDATE NO ACTION)

===================================================================================
Hora: 20:37:16 | Script: /AcademiaGontijo/Modulos/MantemTreino.php
Query executada: insert into Treinos  (`tren_id`, `tren_atle_id`, `tren_seq`, `tren_tptr_id`)  values ((?), (?), (?), (?)) : EXECUTE : SQLSTATE[23000]: Integrity constraint violation: 1452 Cannot add or update a child row: a foreign key constraint fails (`academia_gontijo`.`treinos`, CONSTRAINT `fk_Treinos_TiposDeTreinos1` FOREIGN KEY (`tren_tptr_id`) REFERENCES `tiposdetreinos` (`tptr_id`) ON DELETE NO ACTION ON UPDATE NO ACTION)

===================================================================================
Hora: 20:39:14 | Script: /AcademiaGontijo/Modulos/MantemTreino.php
Query executada: insert into Treinos  (`tren_id`, `tren_atle_id`, `tren_seq`, `tren_tptr_id`)  values ((?), (?), (?), (?)) : EXECUTE : SQLSTATE[23000]: Integrity constraint violation: 1062 Duplicate entry '1-1-2' for key 'unique'

===================================================================================
Hora: 20:46:40 | Script: /AcademiaGontijo/Modulos/MantemAtleta.php
Query executada: insert into Atletas  (`atle_id`, `atle_nome`, `atle_cpf`, `atle_dt_nasc`, `atle_sexo`, `atle_peso`, `atle_altura`, `atle_pretencao`, `atle_obs`, `atle_trei_id`)  values ((?), (?), (?), (?), (?), (?), (?), (?), (?), (?)) : EXECUTE : SQLSTATE[23000]: Integrity constraint violation: 1048 Column 'atle_sexo' cannot be null

===================================================================================
Hora: 20:47:04 | Script: /AcademiaGontijo/Modulos/MantemAtleta.php
Query executada: insert into Atletas  (`atle_id`, `atle_nome`, `atle_cpf`, `atle_dt_nasc`, `atle_sexo`, `atle_peso`, `atle_altura`, `atle_pretencao`, `atle_obs`, `atle_trei_id`)  values ((?), (?), (?), (?), (?), (?), (?), (?), (?), (?)) : EXECUTE : SQLSTATE[23000]: Integrity constraint violation: 1048 Column 'atle_sexo' cannot be null

===================================================================================
Hora: 20:47:35 | Script: /AcademiaGontijo/Modulos/MantemAtleta.php
Query executada: insert into Atletas  (`atle_id`, `atle_nome`, `atle_cpf`, `atle_dt_nasc`, `atle_sexo`, `atle_peso`, `atle_altura`, `atle_pretencao`, `atle_obs`, `atle_trei_id`)  values ((?), (?), (?), (?), (?), (?), (?), (?), (?), (?)) : EXECUTE : SQLSTATE[23000]: Integrity constraint violation: 1048 Column 'atle_sexo' cannot be null

===================================================================================
Hora: 20:57:51 | Script: /AcademiaGontijo/Modulos/MantemTreino.php
Query executada: insert into Treinos  (`tren_id`, `tren_atle_id`, `tren_seq`, `tren_tptr_id`)  values ((?), (?), (?), (?)) : EXECUTE : SQLSTATE[23000]: Integrity constraint violation: 1062 Duplicate entry '2-1-2' for key 'unique'

===================================================================================
Hora: 21:03:14 | Script: /AcademiaGontijo/Modulos/MantemTreino.php
Query executada: insert into Treinos  (`tren_id`, `tren_atle_id`, `tren_seq`, `tren_tptr_id`)  values ((?), (?), (?), (?)) : EXECUTE : SQLSTATE[23000]: Integrity constraint violation: 1062 Duplicate entry '2-4-2' for key 'unique'

===================================================================================
Hora: 21:04:37 | Script: /AcademiaGontijo/Modulos/MantemTreino.php
Query executada: insert into Treinos  (`tren_id`, `tren_atle_id`, `tren_seq`, `tren_tptr_id`)  values ((?), (?), (?), (?)) : EXECUTE : SQLSTATE[23000]: Integrity constraint violation: 1062 Duplicate entry '1-1-2' for key 'unique'

