===================================================================================
Hora: 15:07:43 | Script: /AcademiaGontijo/Modulos/MantemTreino.php
Query executada: select * from Treinamentos where 1 order by tren_seq : EXECUTE : SQLSTATE[42S22]: Column not found: 1054 Unknown column 'tren_seq' in 'order clause'

===================================================================================
Hora: 15:07:57 | Script: /AcademiaGontijo/Modulos/MantemTreino.php
Query executada: select * from Treinamentos where 1 order by tren_seq : EXECUTE : SQLSTATE[42S22]: Column not found: 1054 Unknown column 'tren_seq' in 'order clause'

===================================================================================
Hora: 15:07:57 | Script: /AcademiaGontijo/Modulos/MantemTreino.php
Query executada: select * from Treinamentos where 1 order by tren_seq : EXECUTE : SQLSTATE[42S22]: Column not found: 1054 Unknown column 'tren_seq' in 'order clause'

===================================================================================
Hora: 15:08:27 | Script: /AcademiaGontijo/Modulos/MantemTreino.php
Query executada: select * from Treinamentos where 1 order by tren_seq : EXECUTE : SQLSTATE[42S22]: Column not found: 1054 Unknown column 'tren_seq' in 'order clause'

===================================================================================
Hora: 15:08:27 | Script: /AcademiaGontijo/Modulos/MantemTreino.php
Query executada: select * from Treinamentos where 1 order by tren_seq : EXECUTE : SQLSTATE[42S22]: Column not found: 1054 Unknown column 'tren_seq' in 'order clause'

===================================================================================
Hora: 15:09:11 | Script: /AcademiaGontijo/Modulos/MantemTreino.php
Query executada: select * from Treinamentos where 1 order by tren_seq : EXECUTE : SQLSTATE[42S22]: Column not found: 1054 Unknown column 'tren_seq' in 'order clause'

===================================================================================
Hora: 15:09:11 | Script: /AcademiaGontijo/Modulos/MantemTreino.php
Query executada: select * from Treinamentos where 1 order by tren_seq : EXECUTE : SQLSTATE[42S22]: Column not found: 1054 Unknown column 'tren_seq' in 'order clause'

===================================================================================
Hora: 15:09:35 | Script: /AcademiaGontijo/Modulos/MantemTreino.php
Query executada: select * from Treinamentos where 1 order by tren_seq : EXECUTE : SQLSTATE[42S22]: Column not found: 1054 Unknown column 'tren_seq' in 'order clause'

===================================================================================
Hora: 15:09:35 | Script: /AcademiaGontijo/Modulos/MantemTreino.php
Query executada: select * from Treinamentos where 1 order by tren_seq : EXECUTE : SQLSTATE[42S22]: Column not found: 1054 Unknown column 'tren_seq' in 'order clause'

===================================================================================
Hora: 15:25:52 | Script: /AcademiaGontijo/Modulos/MantemTreino.php
Query executada: select * from TiposDeTreinos where  tren_tptr_id = ?  : EXECUTE : SQLSTATE[42S22]: Column not found: 1054 Unknown column 'tren_tptr_id' in 'where clause'

===================================================================================
Hora: 15:26:16 | Script: /AcademiaGontijo/Modulos/MantemTreino.php
Query executada: select * from TiposDeTreinos where  tren_tptr_id = ?  : EXECUTE : SQLSTATE[42S22]: Column not found: 1054 Unknown column 'tren_tptr_id' in 'where clause'

===================================================================================
Hora: 15:42:01 | Script: /AcademiaGontijo/Modulos/MantemExercicio.php
Query executada: insert into Exercicios  (`exer_id`, `exer_nome`, `exer_descricao`, `exer_tptr_id`)  values ((?), (?), (?), (?)) : EXECUTE : SQLSTATE[23000]: Integrity constraint violation: 1062 Duplicate entry '3' for key 'PRIMARY'

