===================================================================================
Hora: 15:30:44 | Script: /AcademiaGontijo/Modulos/MantemTreinador.php
Query executada: insert into Treinadores  (`trei_id`, `trei_nome`, `trei_sexo`)  values ((?), (?), (?)) : EXECUTE : SQLSTATE[42S22]: Column not found: 1054 Unknown column 'trei_id' in 'field list'

===================================================================================
Hora: 15:40:06 | Script: /AcademiaGontijo/Modulos/MantemTreinador.php
Query executada: select * from Treinadores where 1 order by treiNome : EXECUTE : SQLSTATE[42S22]: Column not found: 1054 Unknown column 'treiNome' in 'order clause'

===================================================================================
Hora: 15:40:08 | Script: /AcademiaGontijo/Modulos/MantemTreinador.php
Query executada: select * from Treinadores where 1 order by treiNome : EXECUTE : SQLSTATE[42S22]: Column not found: 1054 Unknown column 'treiNome' in 'order clause'

===================================================================================
Hora: 15:40:10 | Script: /AcademiaGontijo/Modulos/MantemTreinador.php
Query executada: select * from Treinadores where 1 order by treiNome : EXECUTE : SQLSTATE[42S22]: Column not found: 1054 Unknown column 'treiNome' in 'order clause'

===================================================================================
Hora: 15:40:12 | Script: /AcademiaGontijo/Modulos/MantemTreinador.php
Query executada: select * from Treinadores where  treiId = ?   : EXECUTE : SQLSTATE[42S22]: Column not found: 1054 Unknown column 'treiId' in 'where clause'

===================================================================================
Hora: 15:40:12 | Script: /AcademiaGontijo/Modulos/MantemTreinador.php
Query executada: select * from Treinadores where 1 order by treiNome : EXECUTE : SQLSTATE[42S22]: Column not found: 1054 Unknown column 'treiNome' in 'order clause'

===================================================================================
Hora: 15:40:14 | Script: /AcademiaGontijo/Modulos/MantemTreinador.php
Query executada: select * from Treinadores where 1 order by treiNome : EXECUTE : SQLSTATE[42S22]: Column not found: 1054 Unknown column 'treiNome' in 'order clause'

===================================================================================
Hora: 15:40:42 | Script: /AcademiaGontijo/Modulos/MantemTreinador.php
Query executada: select * from Treinadores where 1 order by treiNome : EXECUTE : SQLSTATE[42S22]: Column not found: 1054 Unknown column 'treiNome' in 'order clause'

===================================================================================
Hora: 15:40:53 | Script: /AcademiaGontijo/Modulos/MantemTreinador.php
Query executada: select * from Treinadores where 1 order by treiNome : EXECUTE : SQLSTATE[42S22]: Column not found: 1054 Unknown column 'treiNome' in 'order clause'

