===================================================================================
Hora: 20:38:19 | Script: /AcademiaGontijo/Modulos/MantemTreino.php
Query executada: insert into Treinos  (`tren_id`, `tren_atle_id`, `tren_seq`, `tren_tptr_id`)  values ((?), (?), (?), (?))  | Método: executaPs | ID do usuário Logado:

===================================================================================
Hora: 20:38:19 | Script: /AcademiaGontijo/Modulos/MantemTreino.php
Query executada: insert into Treinamentos  (`trem_tren_id`, `trem_exer_id`, `trem_temp`, `trem_repeticao`, `trem_serie`)  values ((?), (?), (?), (?), (?))  | Método: executaPs | ID do usuário Logado:

===================================================================================
Hora: 20:55:35 | Script: /AcademiaGontijo/Modulos/MantemAtleta.php
Query executada: insert into Atletas  (`atle_id`, `atle_nome`, `atle_cpf`, `atle_dt_nasc`, `atle_sexo`, `atle_peso`, `atle_altura`, `atle_pretencao`, `atle_obs`, `atle_trei_id`)  values ((?), (?), (?), (?), (?), (?), (?), (?), (?), (?))  | Método: executaPs | ID do usuário Logado:

===================================================================================
Hora: 20:56:20 | Script: /AcademiaGontijo/Modulos/MantemTreino.php
Query executada: insert into Treinos  (`tren_id`, `tren_atle_id`, `tren_seq`, `tren_tptr_id`)  values ((?), (?), (?), (?))  | Método: executaPs | ID do usuário Logado:

===================================================================================
Hora: 20:56:20 | Script: /AcademiaGontijo/Modulos/MantemTreino.php
Query executada: insert into Treinamentos  (`trem_tren_id`, `trem_exer_id`, `trem_temp`, `trem_repeticao`, `trem_serie`)  values ((?), (?), (?), (?), (?))  | Método: executaPs | ID do usuário Logado:

===================================================================================
Hora: 20:57:06 | Script: /AcademiaGontijo/Modulos/MantemTreino.php
Query executada: insert into Treinos  (`tren_id`, `tren_atle_id`, `tren_seq`, `tren_tptr_id`)  values ((?), (?), (?), (?))  | Método: executaPs | ID do usuário Logado:

===================================================================================
Hora: 20:57:06 | Script: /AcademiaGontijo/Modulos/MantemTreino.php
Query executada: insert into Treinamentos  (`trem_tren_id`, `trem_exer_id`, `trem_temp`, `trem_repeticao`, `trem_serie`)  values ((?), (?), (?), (?), (?))  | Método: executaPs | ID do usuário Logado:

===================================================================================
Hora: 21:00:33 | Script: /AcademiaGontijo/Modulos/MantemExercicio.php
Query executada: insert into Exercicios  (`exer_id`, `exer_nome`, `exer_descricao`, `exer_tptr_id`)  values ((?), (?), (?), (?))  | Método: executaPs | ID do usuário Logado:

===================================================================================
Hora: 21:02:38 | Script: /AcademiaGontijo/Modulos/MantemTreino.php
Query executada: insert into Treinos  (`tren_id`, `tren_atle_id`, `tren_seq`, `tren_tptr_id`)  values ((?), (?), (?), (?))  | Método: executaPs | ID do usuário Logado:

===================================================================================
Hora: 21:02:38 | Script: /AcademiaGontijo/Modulos/MantemTreino.php
Query executada: insert into Treinamentos  (`trem_tren_id`, `trem_exer_id`, `trem_temp`, `trem_repeticao`, `trem_serie`)  values ((?), (?), (?), (?), (?))  | Método: executaPs | ID do usuário Logado:

