===================================================================================
Hora: 13:55:10 | Script: /AcademiaGontijo/Modulos/MantemAtleta.php
Query executada: insert into Atletas  (`atle_id`, `atle_nome`, `atle_cpf`, `atle_dt_nasc`, `atle_sexo`, `atle_peso`, `atle_altura`, `atle_obs`, `atle_trei_id`)  values ((?), (?), (?), (?), (?), (?), (?), (?), (?))  | Método: executaPs | ID do usuário Logado:

===================================================================================
Hora: 13:58:15 | Script: /AcademiaGontijo/Modulos/MantemAtleta.php
Query executada: insert into Atletas  (`atle_id`, `atle_nome`, `atle_cpf`, `atle_dt_nasc`, `atle_sexo`, `atle_peso`, `atle_altura`, `atle_obs`, `atle_trei_id`)  values ((?), (?), (?), (?), (?), (?), (?), (?), (?))  | Método: executaPs | ID do usuário Logado:

===================================================================================
Hora: 14:00:22 | Script: /AcademiaGontijo/Modulos/MantemAtleta.php
Query executada: update Atletas set `atle_id` =  (?), `atle_nome` =  (?), `atle_cpf` =  (?), `atle_dt_nasc` =  (?), `atle_sexo` =  (?), `atle_peso` =  (?), `atle_altura` =  (?), `atle_obs` =  (?), `atle_trei_id` =  (?) where  atle_id = ?  | Método: executaPs | ID do usuário Logado:

===================================================================================
Hora: 14:00:28 | Script: /AcademiaGontijo/Modulos/MantemAtleta.php
Query executada: delete from Atletas where  atle_id = ?  | Método: executaPs | ID do usuário Logado:

===================================================================================
Hora: 14:00:32 | Script: /AcademiaGontijo/Modulos/MantemAtleta.php
Query executada: delete from Atletas where  atle_id = ?  | Método: executaPs | ID do usuário Logado:

===================================================================================
Hora: 14:05:34 | Script: /AcademiaGontijo/Modulos/MantemTreinador.php
Query executada: delete from Treinadores where  trei_id = ?  | Método: executaPs | ID do usuário Logado:

===================================================================================
Hora: 14:12:31 | Script: /AcademiaGontijo/Modulos/MantemTreinador.php
Query executada: insert into Treinadores  (`trei_id`, `trei_nome`, `trei_sexo`)  values ((?), (?), (?))  | Método: executaPs | ID do usuário Logado:

===================================================================================
Hora: 14:12:45 | Script: /AcademiaGontijo/Modulos/MantemAtleta.php
Query executada: insert into Atletas  (`atle_id`, `atle_nome`, `atle_cpf`, `atle_dt_nasc`, `atle_sexo`, `atle_peso`, `atle_altura`, `atle_obs`, `atle_trei_id`)  values ((?), (?), (?), (?), (?), (?), (?), (?), (?))  | Método: executaPs | ID do usuário Logado:

===================================================================================
Hora: 14:12:47 | Script: /AcademiaGontijo/Modulos/MantemAtleta.php
Query executada: delete from Atletas where  atle_id = ?  | Método: executaPs | ID do usuário Logado:

===================================================================================
Hora: 14:12:55 | Script: /AcademiaGontijo/Modulos/MantemAtleta.php
Query executada: insert into Atletas  (`atle_id`, `atle_nome`, `atle_cpf`, `atle_dt_nasc`, `atle_sexo`, `atle_peso`, `atle_altura`, `atle_obs`, `atle_trei_id`)  values ((?), (?), (?), (?), (?), (?), (?), (?), (?))  | Método: executaPs | ID do usuário Logado:

===================================================================================
Hora: 14:20:35 | Script: /AcademiaGontijo/Modulos/MantemAtleta.php
Query executada: delete from Atletas where  atle_id = ?  | Método: executaPs | ID do usuário Logado:

===================================================================================
Hora: 14:20:49 | Script: /AcademiaGontijo/Modulos/MantemTreinador.php
Query executada: delete from Treinadores where  trei_id = ?  | Método: executaPs | ID do usuário Logado:

