===================================================================================
Hora: 14:19:07 | Script: /AcademiaGontijo/Modulos/MantemTreino.php
Query executada: insert into Treinos  (`tren_id`, `tren_atle_id`, `tren_seq`, `tren_tptr_id`)  values ((?), (?), (?), (?))  | Método: executaPs | ID do usuário Logado:

===================================================================================
Hora: 14:19:07 | Script: /AcademiaGontijo/Modulos/MantemTreino.php
Query executada: insert into Treinamentos  (`trem_tren_id`, `trem_exer_id`, `trem_temp`, `trem_repeticao`, `trem_serie`)  values ((?), (?), (?), (?), (?))  | Método: executaPs | ID do usuário Logado:

===================================================================================
Hora: 14:21:42 | Script: /AcademiaGontijo/Modulos/MantemTreino.php
Query executada: insert into Treinos  (`tren_id`, `tren_atle_id`, `tren_seq`, `tren_tptr_id`)  values ((?), (?), (?), (?))  | Método: executaPs | ID do usuário Logado:

===================================================================================
Hora: 14:21:42 | Script: /AcademiaGontijo/Modulos/MantemTreino.php
Query executada: insert into Treinamentos  (`trem_tren_id`, `trem_exer_id`, `trem_temp`, `trem_repeticao`, `trem_serie`)  values ((?), (?), (?), (?), (?))  | Método: executaPs | ID do usuário Logado:

===================================================================================
Hora: 15:31:31 | Script: /AcademiaGontijo/Modulos/MantemTreino.php
Query executada: insert into Treinos  (`tren_id`, `tren_atle_id`, `tren_seq`, `tren_tptr_id`)  values ((?), (?), (?), (?))  | Método: executaPs | ID do usuário Logado:

===================================================================================
Hora: 15:31:31 | Script: /AcademiaGontijo/Modulos/MantemTreino.php
Query executada: insert into Treinamentos  (`trem_tren_id`, `trem_exer_id`, `trem_temp`, `trem_repeticao`, `trem_serie`)  values ((?), (?), (?), (?), (?))  | Método: executaPs | ID do usuário Logado:

===================================================================================
Hora: 15:33:51 | Script: /AcademiaGontijo/Modulos/MantemTreino.php
Query executada: insert into Treinos  (`tren_id`, `tren_atle_id`, `tren_seq`, `tren_tptr_id`)  values ((?), (?), (?), (?))  | Método: executaPs | ID do usuário Logado:

===================================================================================
Hora: 15:33:51 | Script: /AcademiaGontijo/Modulos/MantemTreino.php
Query executada: insert into Treinamentos  (`trem_tren_id`, `trem_exer_id`, `trem_temp`, `trem_repeticao`, `trem_serie`)  values ((?), (?), (?), (?), (?))  | Método: executaPs | ID do usuário Logado:

===================================================================================
Hora: 15:35:32 | Script: /AcademiaGontijo/Modulos/MantemTreino.php
Query executada: insert into Treinos  (`tren_id`, `tren_atle_id`, `tren_seq`, `tren_tptr_id`)  values ((?), (?), (?), (?))  | Método: executaPs | ID do usuário Logado:

===================================================================================
Hora: 15:35:32 | Script: /AcademiaGontijo/Modulos/MantemTreino.php
Query executada: insert into Treinamentos  (`trem_tren_id`, `trem_exer_id`, `trem_temp`, `trem_repeticao`, `trem_serie`)  values ((?), (?), (?), (?), (?))  | Método: executaPs | ID do usuário Logado:

===================================================================================
Hora: 15:42:16 | Script: /AcademiaGontijo/Modulos/MantemExercicio.php
Query executada: insert into Exercicios  (`exer_id`, `exer_nome`, `exer_descricao`, `exer_tptr_id`)  values ((?), (?), (?), (?))  | Método: executaPs | ID do usuário Logado:

